2015-04-03 09:31:23,460 INFO [org.log4mongo.contrib.JvmMonitor] - jvm monitor start  ...
2015-04-03 09:31:24,184 INFO [org.springframework.context.support.ClassPathXmlApplicationContext] - Refreshing org.springframework.context.support.ClassPathXmlApplicationContext@d302d3: startup date [Fri Apr 03 09:31:24 CST 2015]; root of context hierarchy
2015-04-03 09:31:24,233 INFO [org.springframework.beans.factory.xml.XmlBeanDefinitionReader] - Loading XML bean definitions from class path resource [spring/springWeb-start.xml]
2015-04-03 09:31:25,174 INFO [org.springframework.beans.factory.config.PropertyPlaceholderConfigurer] - Loading properties file from file [D:\cache\windows\Desktop\flash-dog-server-2.1.2-assembly\flash-dog-server-2.1.2\conf\develop\app.properties]
2015-04-03 09:31:25,187 INFO [org.springframework.beans.factory.support.DefaultListableBeanFactory] - Pre-instantiating singletons in org.springframework.beans.factory.support.DefaultListableBeanFactory@222e58: defining beans [org.springframework.beans.factory.config.PropertyPlaceholderConfigurer#0,jettyServer,webAppContext]; root of factory hierarchy
2015-04-03 09:31:25,297 INFO [org.mortbay.log] - Logging to org.slf4j.impl.Log4jLoggerAdapter(org.mortbay.log) via org.mortbay.log.Slf4jLog
2015-04-03 09:31:25,302 INFO [com.skymobi.monitor.util.SpringJettyMain] - start jetty web context context= /flash-dog;resource base=file:/D:/cache/windows/Desktop/flash-dog-server-2.1.2-assembly/flash-dog-server-2.1.2/webapp/
2015-04-03 09:31:25,303 INFO [com.skymobi.monitor.util.SpringJettyMain] - start jetty web context context= /flash-dog;descriptor=webapp\WEB-INF\web.xml
2015-04-03 09:31:25,304 INFO [org.mortbay.log] - jetty-6.1.26
2015-04-03 09:31:25,403 INFO [org.mortbay.log] - NO JSP Support for /flash-dog, did not find org.apache.jasper.servlet.JspServlet
2015-04-03 09:31:25,432 INFO [/flash-dog] - Initializing Spring root WebApplicationContext
2015-04-03 09:31:25,434 INFO [org.springframework.web.context.ContextLoader] - Root WebApplicationContext: initialization started
2015-04-03 09:31:25,443 INFO [org.springframework.web.context.support.XmlWebApplicationContext] - Refreshing Root WebApplicationContext: startup date [Fri Apr 03 09:31:25 CST 2015]; root of context hierarchy
2015-04-03 09:31:25,449 INFO [org.springframework.beans.factory.xml.XmlBeanDefinitionReader] - Loading XML bean definitions from class path resource [spring/env-config.xml]
2015-04-03 09:31:25,464 INFO [org.springframework.beans.factory.xml.XmlBeanDefinitionReader] - Loading XML bean definitions from class path resource [spring/spring-security.xml]
2015-04-03 09:31:25,493 INFO [org.springframework.beans.factory.xml.XmlBeanDefinitionReader] - Loading XML bean definitions from class path resource [spring/spring-security-self.xml]
2015-04-03 09:31:25,521 INFO [org.springframework.security.core.SpringSecurityCoreVersion] - You are running with Spring Security Core 3.1.0.RELEASE
2015-04-03 09:31:25,523 INFO [org.springframework.security.config.SecurityNamespaceHandler] - Spring Security 'config' module version is 3.1.0.RELEASE
2015-04-03 09:31:25,538 INFO [org.springframework.security.config.method.GlobalMethodSecurityBeanDefinitionParser] - Expressions were enabled for method security but no SecurityExpressionHandler was configured. All hasPermision() expressions will evaluate to false.
2015-04-03 09:31:25,567 INFO [org.springframework.security.config.http.FilterInvocationSecurityMetadataSourceParser] - Creating access control expression attribute 'isAuthenticated()' for /
2015-04-03 09:31:25,569 INFO [org.springframework.security.config.http.FilterInvocationSecurityMetadataSourceParser] - Creating access control expression attribute 'isAuthenticated()' for /projects/**
2015-04-03 09:31:25,573 INFO [org.springframework.security.config.http.FilterInvocationSecurityMetadataSourceParser] - Creating access control expression attribute 'hasAuthority('ROLE_ADMIN')' for /admin/**
2015-04-03 09:31:25,605 INFO [org.springframework.security.config.http.HttpSecurityBeanDefinitionParser] - Checking sorted filter chain: [Root bean: class [org.springframework.security.web.context.SecurityContextPersistenceFilter]; scope=; abstract=false; lazyInit=false; autowireMode=0; dependencyCheck=0; autowireCandidate=true; primary=false; factoryBeanName=null; factoryMethodName=null; initMethodName=null; destroyMethodName=null, order = 300, Root bean: class [org.springframework.security.web.authentication.logout.LogoutFilter]; scope=; abstract=false; lazyInit=false; autowireMode=0; dependencyCheck=0; autowireCandidate=true; primary=false; factoryBeanName=null; factoryMethodName=null; initMethodName=null; destroyMethodName=null, order = 400, <org.springframework.security.web.authentication.UsernamePasswordAuthenticationFilter#0>, order = 800, Root bean: class [org.springframework.security.web.authentication.www.BasicAuthenticationFilter]; scope=; abstract=false; lazyInit=false; autowireMode=0; dependencyCheck=0; autowireCandidate=true; primary=false; factoryBeanName=null; factoryMethodName=null; initMethodName=null; destroyMethodName=null, order = 1200, Root bean: class [org.springframework.security.web.savedrequest.RequestCacheAwareFilter]; scope=; abstract=false; lazyInit=false; autowireMode=0; dependencyCheck=0; autowireCandidate=true; primary=false; factoryBeanName=null; factoryMethodName=null; initMethodName=null; destroyMethodName=null, order = 1300, Root bean: class [org.springframework.security.web.servletapi.SecurityContextHolderAwareRequestFilter]; scope=; abstract=false; lazyInit=false; autowireMode=0; dependencyCheck=0; autowireCandidate=true; primary=false; factoryBeanName=null; factoryMethodName=null; initMethodName=null; destroyMethodName=null, order = 1400, Root bean: class [org.springframework.security.web.authentication.rememberme.RememberMeAuthenticationFilter]; scope=; abstract=false; lazyInit=false; autowireMode=0; dependencyCheck=0; autowireCandidate=true; primary=false; factoryBeanName=null; factoryMethodName=null; initMethodName=null; destroyMethodName=null, order = 1600, Root bean: class [org.springframework.security.web.authentication.AnonymousAuthenticationFilter]; scope=; abstract=false; lazyInit=false; autowireMode=0; dependencyCheck=0; autowireCandidate=true; primary=false; factoryBeanName=null; factoryMethodName=null; initMethodName=null; destroyMethodName=null, order = 1700, Root bean: class [org.springframework.security.web.session.SessionManagementFilter]; scope=; abstract=false; lazyInit=false; autowireMode=0; dependencyCheck=0; autowireCandidate=true; primary=false; factoryBeanName=null; factoryMethodName=null; initMethodName=null; destroyMethodName=null, order = 1800, Root bean: class [org.springframework.security.web.access.ExceptionTranslationFilter]; scope=; abstract=false; lazyInit=false; autowireMode=0; dependencyCheck=0; autowireCandidate=true; primary=false; factoryBeanName=null; factoryMethodName=null; initMethodName=null; destroyMethodName=null, order = 1900, <org.springframework.security.web.access.intercept.FilterSecurityInterceptor#0>, order = 2000]
2015-04-03 09:31:25,617 INFO [org.springframework.beans.factory.xml.XmlBeanDefinitionReader] - Loading XML bean definitions from class path resource [spring/services-config.xml]
2015-04-03 09:31:25,635 INFO [org.springframework.beans.factory.xml.XmlBeanDefinitionReader] - Loading XML bean definitions from class path resource [spring/task-templates.xml]
2015-04-03 09:31:25,730 INFO [org.springframework.beans.factory.xml.XmlBeanDefinitionReader] - Loading XML bean definitions from class path resource [spring/email-notice.xml]
2015-04-03 09:31:25,816 INFO [org.springframework.beans.factory.config.PropertyPlaceholderConfigurer] - Loading properties file from class path resource [conf/develop/app.properties]
2015-04-03 09:31:25,820 INFO [org.springframework.context.support.PropertySourcesPlaceholderConfigurer] - Loading properties file from class path resource [conf/develop/app.properties]
2015-04-03 09:31:25,842 INFO [org.springframework.beans.factory.support.DefaultListableBeanFactory] - Pre-instantiating singletons in org.springframework.beans.factory.support.DefaultListableBeanFactory@1bdda87: defining beans [org.springframework.beans.factory.config.PropertyPlaceholderConfigurer#0,org.springframework.context.support.PropertySourcesPlaceholderConfigurer#0,org.springframework.security.access.expression.method.DefaultMethodSecurityExpressionHandler#0,org.springframework.security.access.method.DelegatingMethodSecurityMetadataSource#0,org.springframework.security.access.vote.AffirmativeBased#0,org.springframework.security.access.intercept.aopalliance.MethodSecurityInterceptor#0,org.springframework.security.methodSecurityMetadataSourceAdvisor,org.springframework.aop.config.internalAutoProxyCreator,org.springframework.security.filterChains,org.springframework.security.filterChainProxy,org.springframework.security.web.PortMapperImpl#0,org.springframework.security.config.authentication.AuthenticationManagerFactoryBean#0,org.springframework.security.authentication.ProviderManager#0,org.springframework.security.web.context.HttpSessionSecurityContextRepository#0,org.springframework.security.web.authentication.session.SessionFixationProtectionStrategy#0,org.springframework.security.web.savedrequest.HttpSessionRequestCache#0,org.springframework.security.web.access.expression.DefaultWebSecurityExpressionHandler#0,org.springframework.security.access.vote.AffirmativeBased#1,org.springframework.security.web.access.intercept.FilterSecurityInterceptor#0,org.springframework.security.web.access.DefaultWebInvocationPrivilegeEvaluator#0,org.springframework.security.authentication.AnonymousAuthenticationProvider#0,org.springframework.security.web.authentication.rememberme.TokenBasedRememberMeServices#0,org.springframework.security.authentication.RememberMeAuthenticationProvider#0,org.springframework.security.web.authentication.www.BasicAuthenticationEntryPoint#0,org.springframework.security.web.authentication.UsernamePasswordAuthenticationFilter#0,org.springframework.security.userDetailsServiceFactory,org.springframework.security.web.DefaultSecurityFilterChain#0,authenticationFailureHandler,org.springframework.security.authentication.dao.DaoAuthenticationProvider#0,org.springframework.security.authentication.DefaultAuthenticationEventPublisher#0,org.springframework.security.authenticationManager,logTask,jvmTask,org.springframework.context.annotation.internalConfigurationAnnotationProcessor,org.springframework.context.annotation.internalAutowiredAnnotationProcessor,org.springframework.context.annotation.internalRequiredAnnotationProcessor,org.springframework.context.annotation.internalCommonAnnotationProcessor,logsService,projectService,mongoTemplate,mongoURI,taskService,concurrentTaskScheduler,taskSchedulerService,projectCreator,alertService,velocityEngine,userManager,httpAlertNotifier,projectStatusService,viewService,mailSender,emailService,taskExecutor,org.springframework.context.annotation.ConfigurationClassPostProcessor$ImportAwareBeanPostProcessor#0]; root of factory hierarchy
2015-04-03 09:31:26,231 DEBUG [com.skymobi.monitor.security.MongoUserManager] - try load user by username=admin
2015-04-03 09:31:26,238 INFO [com.skymobi.monitor.security.MongoUserManager] - create a  system user [admin] 
2015-04-03 09:31:26,239 DEBUG [com.skymobi.monitor.security.MongoUserManager] - try load user by username=admin
2015-04-03 09:31:26,241 INFO [com.skymobi.monitor.security.MongoUserManager] - register a user = User{username='admin', authorities=[], enabled=true, email='null', phone='null'} 
2015-04-03 09:31:26,402 INFO [org.springframework.security.web.DefaultSecurityFilterChain] - Creating filter chain: org.springframework.security.web.util.AnyRequestMatcher@1, [org.springframework.security.web.context.SecurityContextPersistenceFilter@5d9e83, org.springframework.security.web.authentication.logout.LogoutFilter@51d6c1, org.springframework.security.web.authentication.UsernamePasswordAuthenticationFilter@ea276d, org.springframework.security.web.authentication.www.BasicAuthenticationFilter@c28666, org.springframework.security.web.savedrequest.RequestCacheAwareFilter@105b9e8, org.springframework.security.web.servletapi.SecurityContextHolderAwareRequestFilter@f06b64, org.springframework.security.web.authentication.rememberme.RememberMeAuthenticationFilter@1a7f06, org.springframework.security.web.authentication.AnonymousAuthenticationFilter@1898bff, org.springframework.security.web.session.SessionManagementFilter@14651b6, org.springframework.security.web.access.ExceptionTranslationFilter@19e8567, org.springframework.security.web.access.intercept.FilterSecurityInterceptor@486d9f]
2015-04-03 09:31:26,418 INFO [org.springframework.security.config.http.DefaultFilterChainValidator] - Checking whether login URL '/login' is accessible with your configuration
2015-04-03 09:31:26,434 DEBUG [com.skymobi.monitor.util.ProjectCreator] - try create a monitor project for flash-dog Project{name='flash_dog', alias='…¡µÁπ∑', desc='null', mongoUri='mongodb://localhost:27017/monitor_test?slaveOk=true', metricDogs=[], metricCollection='null', timeRange=com.skymobi.monitor.model.TimeRange@978d3d, mailList='null', taskCount='0'}
2015-04-03 09:31:26,439 DEBUG [com.skymobi.monitor.service.ProjectService] - project has be save Project{name='flash_dog', alias='…¡µÁπ∑', desc='null', mongoUri='mongodb://localhost:27017/monitor_test?slaveOk=true', metricDogs=[], metricCollection='flash_dog_metrics', timeRange=com.skymobi.monitor.model.TimeRange@978d3d, mailList='null', taskCount='2'}
2015-04-03 09:31:26,453 INFO [org.springframework.scheduling.concurrent.ThreadPoolTaskExecutor] - Initializing ExecutorService  'taskExecutor'
2015-04-03 09:31:26,457 INFO [org.springframework.web.context.ContextLoader] - Root WebApplicationContext: initialization completed in 1022 ms
2015-04-03 09:31:26,489 INFO [/flash-dog] - Initializing Spring FrameworkServlet 'annomvc'
2015-04-03 09:31:26,490 INFO [org.springframework.web.servlet.DispatcherServlet] - FrameworkServlet 'annomvc': initialization started
2015-04-03 09:31:26,493 INFO [org.springframework.web.context.support.XmlWebApplicationContext] - Refreshing WebApplicationContext for namespace 'annomvc-servlet': startup date [Fri Apr 03 09:31:26 CST 2015]; parent: Root WebApplicationContext
2015-04-03 09:31:26,496 INFO [org.springframework.beans.factory.xml.XmlBeanDefinitionReader] - Loading XML bean definitions from class path resource [spring/spring-mvc.xml]
2015-04-03 09:31:26,530 INFO [org.springframework.beans.factory.xml.XmlBeanDefinitionReader] - Loading XML bean definitions from class path resource [spring/env-config.xml]
2015-04-03 09:31:26,633 INFO [org.springframework.beans.factory.config.PropertyPlaceholderConfigurer] - Loading properties file from class path resource [conf/develop/app.properties]
2015-04-03 09:31:26,649 INFO [org.springframework.beans.factory.support.DefaultListableBeanFactory] - Pre-instantiating singletons in org.springframework.beans.factory.support.DefaultListableBeanFactory@13fb627: defining beans [org.springframework.web.servlet.resource.ResourceHttpRequestHandler#0,org.springframework.web.servlet.handler.SimpleUrlHandlerMapping#0,org.springframework.web.servlet.handler.BeanNameUrlHandlerMapping,org.springframework.web.servlet.mvc.HttpRequestHandlerAdapter,org.springframework.web.servlet.mvc.SimpleControllerHandlerAdapter,org.springframework.web.servlet.resource.ResourceHttpRequestHandler#1,org.springframework.web.servlet.handler.SimpleUrlHandlerMapping#1,org.springframework.web.servlet.resource.ResourceHttpRequestHandler#2,org.springframework.web.servlet.handler.SimpleUrlHandlerMapping#2,org.springframework.web.servlet.resource.ResourceHttpRequestHandler#3,org.springframework.web.servlet.handler.SimpleUrlHandlerMapping#3,org.springframework.web.servlet.resource.ResourceHttpRequestHandler#4,org.springframework.web.servlet.handler.SimpleUrlHandlerMapping#4,org.springframework.beans.factory.config.PropertyPlaceholderConfigurer#0,org.springframework.aop.config.internalAutoProxyCreator,adminAction,chartAction,dogAction,httpAlertAction,logsAction,metricAction,mongoAction,projectAction,taskAction,timeRangeAction,userAction,warningAction,logsService,org.springframework.context.annotation.internalConfigurationAnnotationProcessor,org.springframework.context.annotation.internalAutowiredAnnotationProcessor,org.springframework.context.annotation.internalRequiredAnnotationProcessor,org.springframework.context.annotation.internalCommonAnnotationProcessor,org.springframework.web.servlet.mvc.annotation.DefaultAnnotationHandlerMapping#0,userInterceptor,org.springframework.web.servlet.mvc.annotation.AnnotationMethodHandlerAdapter#0,velocityConfigurer,viewResolver,velocityLayoutViewResolver,autzh,exceptionResolver,org.springframework.context.annotation.ConfigurationClassPostProcessor$ImportAwareBeanPostProcessor#0]; parent: org.springframework.beans.factory.support.DefaultListableBeanFactory@1bdda87
2015-04-03 09:31:26,678 INFO [org.springframework.web.servlet.handler.SimpleUrlHandlerMapping] - Mapped URL path [/styles/**] onto handler 'org.springframework.web.servlet.resource.ResourceHttpRequestHandler#0'
2015-04-03 09:31:26,698 INFO [org.springframework.web.servlet.handler.SimpleUrlHandlerMapping] - Mapped URL path [/images/**] onto handler 'org.springframework.web.servlet.resource.ResourceHttpRequestHandler#1'
2015-04-03 09:31:26,702 INFO [org.springframework.web.servlet.handler.SimpleUrlHandlerMapping] - Mapped URL path [/js/**] onto handler 'org.springframework.web.servlet.resource.ResourceHttpRequestHandler#2'
2015-04-03 09:31:26,706 INFO [org.springframework.web.servlet.handler.SimpleUrlHandlerMapping] - Mapped URL path [/app/**] onto handler 'org.springframework.web.servlet.resource.ResourceHttpRequestHandler#3'
2015-04-03 09:31:26,709 INFO [org.springframework.web.servlet.handler.SimpleUrlHandlerMapping] - Mapped URL path [/jsEditor//**] onto handler 'org.springframework.web.servlet.resource.ResourceHttpRequestHandler#4'
2015-04-03 09:31:26,761 INFO [org.springframework.web.servlet.mvc.annotation.DefaultAnnotationHandlerMapping] - Mapped URL path [/admin/user/] onto handler 'adminAction'
2015-04-03 09:31:26,762 INFO [org.springframework.web.servlet.mvc.annotation.DefaultAnnotationHandlerMapping] - Mapped URL path [/admin/user/list] onto handler 'adminAction'
2015-04-03 09:31:26,763 INFO [org.springframework.web.servlet.mvc.annotation.DefaultAnnotationHandlerMapping] - Mapped URL path [/admin/user/list.*] onto handler 'adminAction'
2015-04-03 09:31:26,764 INFO [org.springframework.web.servlet.mvc.annotation.DefaultAnnotationHandlerMapping] - Mapped URL path [/admin/user/list/] onto handler 'adminAction'
2015-04-03 09:31:26,765 INFO [org.springframework.web.servlet.mvc.annotation.DefaultAnnotationHandlerMapping] - Mapped URL path [/admin/views/] onto handler 'adminAction'
2015-04-03 09:31:26,766 INFO [org.springframework.web.servlet.mvc.annotation.DefaultAnnotationHandlerMapping] - Mapped URL path [/admin/views/destroy] onto handler 'adminAction'
2015-04-03 09:31:26,767 INFO [org.springframework.web.servlet.mvc.annotation.DefaultAnnotationHandlerMapping] - Mapped URL path [/admin/views/destroy.*] onto handler 'adminAction'
2015-04-03 09:31:26,768 INFO [org.springframework.web.servlet.mvc.annotation.DefaultAnnotationHandlerMapping] - Mapped URL path [/admin/views/destroy/] onto handler 'adminAction'
2015-04-03 09:31:26,769 INFO [org.springframework.web.servlet.mvc.annotation.DefaultAnnotationHandlerMapping] - Mapped URL path [/admin/views/save] onto handler 'adminAction'
2015-04-03 09:31:26,770 INFO [org.springframework.web.servlet.mvc.annotation.DefaultAnnotationHandlerMapping] - Mapped URL path [/admin/views/save.*] onto handler 'adminAction'
2015-04-03 09:31:26,772 INFO [org.springframework.web.servlet.mvc.annotation.DefaultAnnotationHandlerMapping] - Mapped URL path [/admin/views/save/] onto handler 'adminAction'
2015-04-03 09:31:26,781 INFO [org.springframework.web.servlet.mvc.annotation.DefaultAnnotationHandlerMapping] - Mapped URL path [/projects/{projectName}/charts] onto handler 'chartAction'
2015-04-03 09:31:26,782 INFO [org.springframework.web.servlet.mvc.annotation.DefaultAnnotationHandlerMapping] - Mapped URL path [/projects/{projectName}/charts.*] onto handler 'chartAction'
2015-04-03 09:31:26,783 INFO [org.springframework.web.servlet.mvc.annotation.DefaultAnnotationHandlerMapping] - Mapped URL path [/projects/{projectName}/charts/] onto handler 'chartAction'
2015-04-03 09:31:26,784 INFO [org.springframework.web.servlet.mvc.annotation.DefaultAnnotationHandlerMapping] - Mapped URL path [/projects/{projectName}/charts/{chartName}/destroy] onto handler 'chartAction'
2015-04-03 09:31:26,785 INFO [org.springframework.web.servlet.mvc.annotation.DefaultAnnotationHandlerMapping] - Mapped URL path [/projects/{projectName}/charts/{chartName}/destroy.*] onto handler 'chartAction'
2015-04-03 09:31:26,786 INFO [org.springframework.web.servlet.mvc.annotation.DefaultAnnotationHandlerMapping] - Mapped URL path [/projects/{projectName}/charts/{chartName}/destroy/] onto handler 'chartAction'
2015-04-03 09:31:26,787 INFO [org.springframework.web.servlet.mvc.annotation.DefaultAnnotationHandlerMapping] - Mapped URL path [/projects/{projectName}/charts/new] onto handler 'chartAction'
2015-04-03 09:31:26,788 INFO [org.springframework.web.servlet.mvc.annotation.DefaultAnnotationHandlerMapping] - Mapped URL path [/projects/{projectName}/charts/new.*] onto handler 'chartAction'
2015-04-03 09:31:26,789 INFO [org.springframework.web.servlet.mvc.annotation.DefaultAnnotationHandlerMapping] - Mapped URL path [/projects/{projectName}/charts/new/] onto handler 'chartAction'
2015-04-03 09:31:26,790 INFO [org.springframework.web.servlet.mvc.annotation.DefaultAnnotationHandlerMapping] - Mapped URL path [/projects/{projectName}/charts/{chartName}/render] onto handler 'chartAction'
2015-04-03 09:31:26,791 INFO [org.springframework.web.servlet.mvc.annotation.DefaultAnnotationHandlerMapping] - Mapped URL path [/projects/{projectName}/charts/{chartName}/render.*] onto handler 'chartAction'
2015-04-03 09:31:26,792 INFO [org.springframework.web.servlet.mvc.annotation.DefaultAnnotationHandlerMapping] - Mapped URL path [/projects/{projectName}/charts/{chartName}/render/] onto handler 'chartAction'
2015-04-03 09:31:26,793 INFO [org.springframework.web.servlet.mvc.annotation.DefaultAnnotationHandlerMapping] - Mapped URL path [/projects/{projectName}/charts/{chartName}] onto handler 'chartAction'
2015-04-03 09:31:26,794 INFO [org.springframework.web.servlet.mvc.annotation.DefaultAnnotationHandlerMapping] - Mapped URL path [/projects/{projectName}/charts/{chartName}.*] onto handler 'chartAction'
2015-04-03 09:31:26,795 INFO [org.springframework.web.servlet.mvc.annotation.DefaultAnnotationHandlerMapping] - Mapped URL path [/projects/{projectName}/charts/{chartName}/] onto handler 'chartAction'
2015-04-03 09:31:26,796 INFO [org.springframework.web.servlet.mvc.annotation.DefaultAnnotationHandlerMapping] - Mapped URL path [/projects/{projectName}/charts/{chartName}/edit] onto handler 'chartAction'
2015-04-03 09:31:26,797 INFO [org.springframework.web.servlet.mvc.annotation.DefaultAnnotationHandlerMapping] - Mapped URL path [/projects/{projectName}/charts/{chartName}/edit.*] onto handler 'chartAction'
2015-04-03 09:31:26,798 INFO [org.springframework.web.servlet.mvc.annotation.DefaultAnnotationHandlerMapping] - Mapped URL path [/projects/{projectName}/charts/{chartName}/edit/] onto handler 'chartAction'
2015-04-03 09:31:26,799 INFO [org.springframework.web.servlet.mvc.annotation.DefaultAnnotationHandlerMapping] - Mapped URL path [/projects/{projectName}/dog/destroy] onto handler 'dogAction'
2015-04-03 09:31:26,800 INFO [org.springframework.web.servlet.mvc.annotation.DefaultAnnotationHandlerMapping] - Mapped URL path [/projects/{projectName}/dog/destroy.*] onto handler 'dogAction'
2015-04-03 09:31:26,801 INFO [org.springframework.web.servlet.mvc.annotation.DefaultAnnotationHandlerMapping] - Mapped URL path [/projects/{projectName}/dog/destroy/] onto handler 'dogAction'
2015-04-03 09:31:26,802 INFO [org.springframework.web.servlet.mvc.annotation.DefaultAnnotationHandlerMapping] - Mapped URL path [/projects/{projectName}/dog] onto handler 'dogAction'
2015-04-03 09:31:26,803 INFO [org.springframework.web.servlet.mvc.annotation.DefaultAnnotationHandlerMapping] - Mapped URL path [/projects/{projectName}/dog.*] onto handler 'dogAction'
2015-04-03 09:31:26,804 INFO [org.springframework.web.servlet.mvc.annotation.DefaultAnnotationHandlerMapping] - Mapped URL path [/projects/{projectName}/dog/] onto handler 'dogAction'
2015-04-03 09:31:26,805 INFO [org.springframework.web.servlet.mvc.annotation.DefaultAnnotationHandlerMapping] - Mapped URL path [/projects/{projectName}/notifier/http/test] onto handler 'httpAlertAction'
2015-04-03 09:31:26,807 INFO [org.springframework.web.servlet.mvc.annotation.DefaultAnnotationHandlerMapping] - Mapped URL path [/projects/{projectName}/notifier/http/test.*] onto handler 'httpAlertAction'
2015-04-03 09:31:26,808 INFO [org.springframework.web.servlet.mvc.annotation.DefaultAnnotationHandlerMapping] - Mapped URL path [/projects/{projectName}/notifier/http/test/] onto handler 'httpAlertAction'
2015-04-03 09:31:26,809 INFO [org.springframework.web.servlet.mvc.annotation.DefaultAnnotationHandlerMapping] - Mapped URL path [/projects/{projectName}/logs/more] onto handler 'logsAction'
2015-04-03 09:31:26,810 INFO [org.springframework.web.servlet.mvc.annotation.DefaultAnnotationHandlerMapping] - Mapped URL path [/projects/{projectName}/logs/more.*] onto handler 'logsAction'
2015-04-03 09:31:26,811 INFO [org.springframework.web.servlet.mvc.annotation.DefaultAnnotationHandlerMapping] - Mapped URL path [/projects/{projectName}/logs/more/] onto handler 'logsAction'
2015-04-03 09:31:26,812 INFO [org.springframework.web.servlet.mvc.annotation.DefaultAnnotationHandlerMapping] - Mapped URL path [/projects/{projectName}/logs] onto handler 'logsAction'
2015-04-03 09:31:26,813 INFO [org.springframework.web.servlet.mvc.annotation.DefaultAnnotationHandlerMapping] - Mapped URL path [/projects/{projectName}/logs.*] onto handler 'logsAction'
2015-04-03 09:31:26,814 INFO [org.springframework.web.servlet.mvc.annotation.DefaultAnnotationHandlerMapping] - Mapped URL path [/projects/{projectName}/logs/] onto handler 'logsAction'
2015-04-03 09:31:26,816 INFO [org.springframework.web.servlet.mvc.annotation.DefaultAnnotationHandlerMapping] - Mapped URL path [/projects/{projectName}/logs/download] onto handler 'logsAction'
2015-04-03 09:31:26,817 INFO [org.springframework.web.servlet.mvc.annotation.DefaultAnnotationHandlerMapping] - Mapped URL path [/projects/{projectName}/logs/download.*] onto handler 'logsAction'
2015-04-03 09:31:26,818 INFO [org.springframework.web.servlet.mvc.annotation.DefaultAnnotationHandlerMapping] - Mapped URL path [/projects/{projectName}/logs/download/] onto handler 'logsAction'
2015-04-03 09:31:26,821 INFO [org.springframework.web.servlet.mvc.annotation.DefaultAnnotationHandlerMapping] - Mapped URL path [/projects/{projectName}/metrics/timeRange] onto handler 'metricAction'
2015-04-03 09:31:26,822 INFO [org.springframework.web.servlet.mvc.annotation.DefaultAnnotationHandlerMapping] - Mapped URL path [/projects/{projectName}/metrics/timeRange.*] onto handler 'metricAction'
2015-04-03 09:31:26,823 INFO [org.springframework.web.servlet.mvc.annotation.DefaultAnnotationHandlerMapping] - Mapped URL path [/projects/{projectName}/metrics/timeRange/] onto handler 'metricAction'
2015-04-03 09:31:26,824 INFO [org.springframework.web.servlet.mvc.annotation.DefaultAnnotationHandlerMapping] - Mapped URL path [/projects/{projectName}/metrics/add] onto handler 'metricAction'
2015-04-03 09:31:26,825 INFO [org.springframework.web.servlet.mvc.annotation.DefaultAnnotationHandlerMapping] - Mapped URL path [/projects/{projectName}/metrics/add.*] onto handler 'metricAction'
2015-04-03 09:31:26,826 INFO [org.springframework.web.servlet.mvc.annotation.DefaultAnnotationHandlerMapping] - Mapped URL path [/projects/{projectName}/metrics/add/] onto handler 'metricAction'
2015-04-03 09:31:26,827 INFO [org.springframework.web.servlet.mvc.annotation.DefaultAnnotationHandlerMapping] - Mapped URL path [/projects/{projectName}/metrics/destroy] onto handler 'metricAction'
2015-04-03 09:31:26,828 INFO [org.springframework.web.servlet.mvc.annotation.DefaultAnnotationHandlerMapping] - Mapped URL path [/projects/{projectName}/metrics/destroy.*] onto handler 'metricAction'
2015-04-03 09:31:26,829 INFO [org.springframework.web.servlet.mvc.annotation.DefaultAnnotationHandlerMapping] - Mapped URL path [/projects/{projectName}/metrics/destroy/] onto handler 'metricAction'
2015-04-03 09:31:26,830 INFO [org.springframework.web.servlet.mvc.annotation.DefaultAnnotationHandlerMapping] - Mapped URL path [/projects/{projectName}/setting/timeRange] onto handler 'metricAction'
2015-04-03 09:31:26,831 INFO [org.springframework.web.servlet.mvc.annotation.DefaultAnnotationHandlerMapping] - Mapped URL path [/projects/{projectName}/setting/timeRange.*] onto handler 'metricAction'
2015-04-03 09:31:26,833 INFO [org.springframework.web.servlet.mvc.annotation.DefaultAnnotationHandlerMapping] - Mapped URL path [/projects/{projectName}/setting/timeRange/] onto handler 'metricAction'
2015-04-03 09:31:26,834 INFO [org.springframework.web.servlet.mvc.annotation.DefaultAnnotationHandlerMapping] - Mapped URL path [/projects/{projectName}/metrics/show] onto handler 'metricAction'
2015-04-03 09:31:26,835 INFO [org.springframework.web.servlet.mvc.annotation.DefaultAnnotationHandlerMapping] - Mapped URL path [/projects/{projectName}/metrics/show.*] onto handler 'metricAction'
2015-04-03 09:31:26,836 INFO [org.springframework.web.servlet.mvc.annotation.DefaultAnnotationHandlerMapping] - Mapped URL path [/projects/{projectName}/metrics/show/] onto handler 'metricAction'
2015-04-03 09:31:26,838 INFO [org.springframework.web.servlet.mvc.annotation.DefaultAnnotationHandlerMapping] - Mapped URL path [/projects/{projectName}/metrics] onto handler 'metricAction'
2015-04-03 09:31:26,840 INFO [org.springframework.web.servlet.mvc.annotation.DefaultAnnotationHandlerMapping] - Mapped URL path [/projects/{projectName}/metrics.*] onto handler 'metricAction'
2015-04-03 09:31:26,840 INFO [org.springframework.web.servlet.mvc.annotation.DefaultAnnotationHandlerMapping] - Mapped URL path [/projects/{projectName}/metrics/] onto handler 'metricAction'
2015-04-03 09:31:26,842 INFO [org.springframework.web.servlet.mvc.annotation.DefaultAnnotationHandlerMapping] - Mapped URL path [/projects/{projectName}/mongo/console] onto handler 'mongoAction'
2015-04-03 09:31:26,843 INFO [org.springframework.web.servlet.mvc.annotation.DefaultAnnotationHandlerMapping] - Mapped URL path [/projects/{projectName}/mongo/console.*] onto handler 'mongoAction'
2015-04-03 09:31:26,844 INFO [org.springframework.web.servlet.mvc.annotation.DefaultAnnotationHandlerMapping] - Mapped URL path [/projects/{projectName}/mongo/console/] onto handler 'mongoAction'
2015-04-03 09:31:26,845 INFO [org.springframework.web.servlet.mvc.annotation.DefaultAnnotationHandlerMapping] - Mapped URL path [/projects/add] onto handler 'projectAction'
2015-04-03 09:31:26,846 INFO [org.springframework.web.servlet.mvc.annotation.DefaultAnnotationHandlerMapping] - Mapped URL path [/projects/add.*] onto handler 'projectAction'
2015-04-03 09:31:26,847 INFO [org.springframework.web.servlet.mvc.annotation.DefaultAnnotationHandlerMapping] - Mapped URL path [/projects/add/] onto handler 'projectAction'
2015-04-03 09:31:26,847 INFO [org.springframework.web.servlet.mvc.annotation.DefaultAnnotationHandlerMapping] - Mapped URL path [/project/list] onto handler 'projectAction'
2015-04-03 09:31:26,848 INFO [org.springframework.web.servlet.mvc.annotation.DefaultAnnotationHandlerMapping] - Mapped URL path [/project/list.*] onto handler 'projectAction'
2015-04-03 09:31:26,849 INFO [org.springframework.web.servlet.mvc.annotation.DefaultAnnotationHandlerMapping] - Mapped URL path [/project/list/] onto handler 'projectAction'
2015-04-03 09:31:26,850 INFO [org.springframework.web.servlet.mvc.annotation.DefaultAnnotationHandlerMapping] - Mapped URL path [/projects] onto handler 'projectAction'
2015-04-03 09:31:26,850 INFO [org.springframework.web.servlet.mvc.annotation.DefaultAnnotationHandlerMapping] - Mapped URL path [/projects.*] onto handler 'projectAction'
2015-04-03 09:31:26,852 INFO [org.springframework.web.servlet.mvc.annotation.DefaultAnnotationHandlerMapping] - Mapped URL path [/projects/] onto handler 'projectAction'
2015-04-03 09:31:26,853 INFO [org.springframework.web.servlet.mvc.annotation.DefaultAnnotationHandlerMapping] - Mapped URL path [/projects/{projectName}/destroy] onto handler 'projectAction'
2015-04-03 09:31:26,854 INFO [org.springframework.web.servlet.mvc.annotation.DefaultAnnotationHandlerMapping] - Mapped URL path [/projects/{projectName}/destroy.*] onto handler 'projectAction'
2015-04-03 09:31:26,855 INFO [org.springframework.web.servlet.mvc.annotation.DefaultAnnotationHandlerMapping] - Mapped URL path [/projects/{projectName}/destroy/] onto handler 'projectAction'
2015-04-03 09:31:26,855 INFO [org.springframework.web.servlet.mvc.annotation.DefaultAnnotationHandlerMapping] - Mapped URL path [/index] onto handler 'projectAction'
2015-04-03 09:31:26,858 INFO [org.springframework.web.servlet.mvc.annotation.DefaultAnnotationHandlerMapping] - Mapped URL path [/index.*] onto handler 'projectAction'
2015-04-03 09:31:26,859 INFO [org.springframework.web.servlet.mvc.annotation.DefaultAnnotationHandlerMapping] - Mapped URL path [/index/] onto handler 'projectAction'
2015-04-03 09:31:26,860 INFO [org.springframework.web.servlet.mvc.annotation.DefaultAnnotationHandlerMapping] - Root mapping to handler 'projectAction'
2015-04-03 09:31:26,861 INFO [org.springframework.web.servlet.mvc.annotation.DefaultAnnotationHandlerMapping] - Mapped URL path [/projects/new] onto handler 'projectAction'
2015-04-03 09:31:26,862 INFO [org.springframework.web.servlet.mvc.annotation.DefaultAnnotationHandlerMapping] - Mapped URL path [/projects/new.*] onto handler 'projectAction'
2015-04-03 09:31:26,863 INFO [org.springframework.web.servlet.mvc.annotation.DefaultAnnotationHandlerMapping] - Mapped URL path [/projects/new/] onto handler 'projectAction'
2015-04-03 09:31:26,864 INFO [org.springframework.web.servlet.mvc.annotation.DefaultAnnotationHandlerMapping] - Mapped URL path [/projects/{name}/members] onto handler 'projectAction'
2015-04-03 09:31:26,864 INFO [org.springframework.web.servlet.mvc.annotation.DefaultAnnotationHandlerMapping] - Mapped URL path [/projects/{name}/members.*] onto handler 'projectAction'
2015-04-03 09:31:26,865 INFO [org.springframework.web.servlet.mvc.annotation.DefaultAnnotationHandlerMapping] - Mapped URL path [/projects/{name}/members/] onto handler 'projectAction'
2015-04-03 09:31:26,866 INFO [org.springframework.web.servlet.mvc.annotation.DefaultAnnotationHandlerMapping] - Mapped URL path [/projects/{name}/info] onto handler 'projectAction'
2015-04-03 09:31:26,867 INFO [org.springframework.web.servlet.mvc.annotation.DefaultAnnotationHandlerMapping] - Mapped URL path [/projects/{name}/info.*] onto handler 'projectAction'
2015-04-03 09:31:26,867 INFO [org.springframework.web.servlet.mvc.annotation.DefaultAnnotationHandlerMapping] - Mapped URL path [/projects/{name}/info/] onto handler 'projectAction'
2015-04-03 09:31:26,868 INFO [org.springframework.web.servlet.mvc.annotation.DefaultAnnotationHandlerMapping] - Mapped URL path [/projects/{name}] onto handler 'projectAction'
2015-04-03 09:31:26,869 INFO [org.springframework.web.servlet.mvc.annotation.DefaultAnnotationHandlerMapping] - Mapped URL path [/projects/{name}.*] onto handler 'projectAction'
2015-04-03 09:31:26,870 INFO [org.springframework.web.servlet.mvc.annotation.DefaultAnnotationHandlerMapping] - Mapped URL path [/projects/{name}/] onto handler 'projectAction'
2015-04-03 09:31:26,871 INFO [org.springframework.web.servlet.mvc.annotation.DefaultAnnotationHandlerMapping] - Mapped URL path [/projects/{name}/settings] onto handler 'projectAction'
2015-04-03 09:31:26,872 INFO [org.springframework.web.servlet.mvc.annotation.DefaultAnnotationHandlerMapping] - Mapped URL path [/projects/{name}/settings.*] onto handler 'projectAction'
2015-04-03 09:31:26,872 INFO [org.springframework.web.servlet.mvc.annotation.DefaultAnnotationHandlerMapping] - Mapped URL path [/projects/{name}/settings/] onto handler 'projectAction'
2015-04-03 09:31:26,873 INFO [org.springframework.web.servlet.mvc.annotation.DefaultAnnotationHandlerMapping] - Mapped URL path [/project/{name}] onto handler 'projectAction'
2015-04-03 09:31:26,874 INFO [org.springframework.web.servlet.mvc.annotation.DefaultAnnotationHandlerMapping] - Mapped URL path [/project/{name}.*] onto handler 'projectAction'
2015-04-03 09:31:26,876 INFO [org.springframework.web.servlet.mvc.annotation.DefaultAnnotationHandlerMapping] - Mapped URL path [/project/{name}/] onto handler 'projectAction'
2015-04-03 09:31:26,877 INFO [org.springframework.web.servlet.mvc.annotation.DefaultAnnotationHandlerMapping] - Mapped URL path [/projects/{name}/settings/{module}] onto handler 'projectAction'
2015-04-03 09:31:26,879 INFO [org.springframework.web.servlet.mvc.annotation.DefaultAnnotationHandlerMapping] - Mapped URL path [/projects/{name}/settings/{module}.*] onto handler 'projectAction'
2015-04-03 09:31:26,880 INFO [org.springframework.web.servlet.mvc.annotation.DefaultAnnotationHandlerMapping] - Mapped URL path [/projects/{name}/settings/{module}/] onto handler 'projectAction'
2015-04-03 09:31:26,882 INFO [org.springframework.web.servlet.mvc.annotation.DefaultAnnotationHandlerMapping] - Mapped URL path [/projects/{name}/basic] onto handler 'projectAction'
2015-04-03 09:31:26,883 INFO [org.springframework.web.servlet.mvc.annotation.DefaultAnnotationHandlerMapping] - Mapped URL path [/projects/{name}/basic.*] onto handler 'projectAction'
2015-04-03 09:31:26,884 INFO [org.springframework.web.servlet.mvc.annotation.DefaultAnnotationHandlerMapping] - Mapped URL path [/projects/{name}/basic/] onto handler 'projectAction'
2015-04-03 09:31:26,885 INFO [org.springframework.web.servlet.mvc.annotation.DefaultAnnotationHandlerMapping] - Mapped URL path [/projects/{name}/ext] onto handler 'projectAction'
2015-04-03 09:31:26,886 INFO [org.springframework.web.servlet.mvc.annotation.DefaultAnnotationHandlerMapping] - Mapped URL path [/projects/{name}/ext.*] onto handler 'projectAction'
2015-04-03 09:31:26,887 INFO [org.springframework.web.servlet.mvc.annotation.DefaultAnnotationHandlerMapping] - Mapped URL path [/projects/{name}/ext/] onto handler 'projectAction'
2015-04-03 09:31:26,888 INFO [org.springframework.web.servlet.mvc.annotation.DefaultAnnotationHandlerMapping] - Mapped URL path [/projects/{projectName}/tasks] onto handler 'taskAction'
2015-04-03 09:31:26,889 INFO [org.springframework.web.servlet.mvc.annotation.DefaultAnnotationHandlerMapping] - Mapped URL path [/projects/{projectName}/tasks.*] onto handler 'taskAction'
2015-04-03 09:31:26,890 INFO [org.springframework.web.servlet.mvc.annotation.DefaultAnnotationHandlerMapping] - Mapped URL path [/projects/{projectName}/tasks/] onto handler 'taskAction'
2015-04-03 09:31:26,891 INFO [org.springframework.web.servlet.mvc.annotation.DefaultAnnotationHandlerMapping] - Mapped URL path [/projects/{projectName}/tasks/template/{id}] onto handler 'taskAction'
2015-04-03 09:31:26,891 INFO [org.springframework.web.servlet.mvc.annotation.DefaultAnnotationHandlerMapping] - Mapped URL path [/projects/{projectName}/tasks/template/{id}.*] onto handler 'taskAction'
2015-04-03 09:31:26,892 INFO [org.springframework.web.servlet.mvc.annotation.DefaultAnnotationHandlerMapping] - Mapped URL path [/projects/{projectName}/tasks/template/{id}/] onto handler 'taskAction'
2015-04-03 09:31:26,893 INFO [org.springframework.web.servlet.mvc.annotation.DefaultAnnotationHandlerMapping] - Mapped URL path [/projects/{projectName}/tasks/update] onto handler 'taskAction'
2015-04-03 09:31:26,894 INFO [org.springframework.web.servlet.mvc.annotation.DefaultAnnotationHandlerMapping] - Mapped URL path [/projects/{projectName}/tasks/update.*] onto handler 'taskAction'
2015-04-03 09:31:26,895 INFO [org.springframework.web.servlet.mvc.annotation.DefaultAnnotationHandlerMapping] - Mapped URL path [/projects/{projectName}/tasks/update/] onto handler 'taskAction'
2015-04-03 09:31:26,896 INFO [org.springframework.web.servlet.mvc.annotation.DefaultAnnotationHandlerMapping] - Mapped URL path [/projects/{projectName}/tasks/{taskName}/destroy] onto handler 'taskAction'
2015-04-03 09:31:26,897 INFO [org.springframework.web.servlet.mvc.annotation.DefaultAnnotationHandlerMapping] - Mapped URL path [/projects/{projectName}/tasks/{taskName}/destroy.*] onto handler 'taskAction'
2015-04-03 09:31:26,897 INFO [org.springframework.web.servlet.mvc.annotation.DefaultAnnotationHandlerMapping] - Mapped URL path [/projects/{projectName}/tasks/{taskName}/destroy/] onto handler 'taskAction'
2015-04-03 09:31:26,900 INFO [org.springframework.web.servlet.mvc.annotation.DefaultAnnotationHandlerMapping] - Mapped URL path [/projects/{projectName}/timeRange] onto handler 'timeRangeAction'
2015-04-03 09:31:26,901 INFO [org.springframework.web.servlet.mvc.annotation.DefaultAnnotationHandlerMapping] - Mapped URL path [/projects/{projectName}/timeRange.*] onto handler 'timeRangeAction'
2015-04-03 09:31:26,902 INFO [org.springframework.web.servlet.mvc.annotation.DefaultAnnotationHandlerMapping] - Mapped URL path [/projects/{projectName}/timeRange/] onto handler 'timeRangeAction'
2015-04-03 09:31:26,903 INFO [org.springframework.web.servlet.mvc.annotation.DefaultAnnotationHandlerMapping] - Mapped URL path [/user/wait] onto handler 'userAction'
2015-04-03 09:31:26,904 INFO [org.springframework.web.servlet.mvc.annotation.DefaultAnnotationHandlerMapping] - Mapped URL path [/user/wait.*] onto handler 'userAction'
2015-04-03 09:31:26,905 INFO [org.springframework.web.servlet.mvc.annotation.DefaultAnnotationHandlerMapping] - Mapped URL path [/user/wait/] onto handler 'userAction'
2015-04-03 09:31:26,906 INFO [org.springframework.web.servlet.mvc.annotation.DefaultAnnotationHandlerMapping] - Mapped URL path [/user/new] onto handler 'userAction'
2015-04-03 09:31:26,907 INFO [org.springframework.web.servlet.mvc.annotation.DefaultAnnotationHandlerMapping] - Mapped URL path [/user/new.*] onto handler 'userAction'
2015-04-03 09:31:26,908 INFO [org.springframework.web.servlet.mvc.annotation.DefaultAnnotationHandlerMapping] - Mapped URL path [/user/new/] onto handler 'userAction'
2015-04-03 09:31:26,909 INFO [org.springframework.web.servlet.mvc.annotation.DefaultAnnotationHandlerMapping] - Mapped URL path [/user] onto handler 'userAction'
2015-04-03 09:31:26,909 INFO [org.springframework.web.servlet.mvc.annotation.DefaultAnnotationHandlerMapping] - Mapped URL path [/user.*] onto handler 'userAction'
2015-04-03 09:31:26,910 INFO [org.springframework.web.servlet.mvc.annotation.DefaultAnnotationHandlerMapping] - Mapped URL path [/user/] onto handler 'userAction'
2015-04-03 09:31:26,911 INFO [org.springframework.web.servlet.mvc.annotation.DefaultAnnotationHandlerMapping] - Mapped URL path [/user/destroy] onto handler 'userAction'
2015-04-03 09:31:26,912 INFO [org.springframework.web.servlet.mvc.annotation.DefaultAnnotationHandlerMapping] - Mapped URL path [/user/destroy.*] onto handler 'userAction'
2015-04-03 09:31:26,914 INFO [org.springframework.web.servlet.mvc.annotation.DefaultAnnotationHandlerMapping] - Mapped URL path [/user/destroy/] onto handler 'userAction'
2015-04-03 09:31:26,914 INFO [org.springframework.web.servlet.mvc.annotation.DefaultAnnotationHandlerMapping] - Mapped URL path [/check] onto handler 'userAction'
2015-04-03 09:31:26,915 INFO [org.springframework.web.servlet.mvc.annotation.DefaultAnnotationHandlerMapping] - Mapped URL path [/check.*] onto handler 'userAction'
2015-04-03 09:31:26,916 INFO [org.springframework.web.servlet.mvc.annotation.DefaultAnnotationHandlerMapping] - Mapped URL path [/check/] onto handler 'userAction'
2015-04-03 09:31:26,917 INFO [org.springframework.web.servlet.mvc.annotation.DefaultAnnotationHandlerMapping] - Mapped URL path [/user/update] onto handler 'userAction'
2015-04-03 09:31:26,917 INFO [org.springframework.web.servlet.mvc.annotation.DefaultAnnotationHandlerMapping] - Mapped URL path [/user/update.*] onto handler 'userAction'
2015-04-03 09:31:26,918 INFO [org.springframework.web.servlet.mvc.annotation.DefaultAnnotationHandlerMapping] - Mapped URL path [/user/update/] onto handler 'userAction'
2015-04-03 09:31:26,919 INFO [org.springframework.web.servlet.mvc.annotation.DefaultAnnotationHandlerMapping] - Mapped URL path [/members/search] onto handler 'userAction'
2015-04-03 09:31:26,919 INFO [org.springframework.web.servlet.mvc.annotation.DefaultAnnotationHandlerMapping] - Mapped URL path [/members/search.*] onto handler 'userAction'
2015-04-03 09:31:26,921 INFO [org.springframework.web.servlet.mvc.annotation.DefaultAnnotationHandlerMapping] - Mapped URL path [/members/search/] onto handler 'userAction'
2015-04-03 09:31:26,922 INFO [org.springframework.web.servlet.mvc.annotation.DefaultAnnotationHandlerMapping] - Mapped URL path [/user/list] onto handler 'userAction'
2015-04-03 09:31:26,924 INFO [org.springframework.web.servlet.mvc.annotation.DefaultAnnotationHandlerMapping] - Mapped URL path [/user/list.*] onto handler 'userAction'
2015-04-03 09:31:26,924 INFO [org.springframework.web.servlet.mvc.annotation.DefaultAnnotationHandlerMapping] - Mapped URL path [/user/list/] onto handler 'userAction'
2015-04-03 09:31:26,926 INFO [org.springframework.web.servlet.mvc.annotation.DefaultAnnotationHandlerMapping] - Mapped URL path [/login] onto handler 'userAction'
2015-04-03 09:31:26,927 INFO [org.springframework.web.servlet.mvc.annotation.DefaultAnnotationHandlerMapping] - Mapped URL path [/login.*] onto handler 'userAction'
2015-04-03 09:31:26,928 INFO [org.springframework.web.servlet.mvc.annotation.DefaultAnnotationHandlerMapping] - Mapped URL path [/login/] onto handler 'userAction'
2015-04-03 09:31:26,929 INFO [org.springframework.web.servlet.mvc.annotation.DefaultAnnotationHandlerMapping] - Mapped URL path [/projects/{projectName}/warnings/remove] onto handler 'warningAction'
2015-04-03 09:31:26,930 INFO [org.springframework.web.servlet.mvc.annotation.DefaultAnnotationHandlerMapping] - Mapped URL path [/projects/{projectName}/warnings/remove.*] onto handler 'warningAction'
2015-04-03 09:31:26,931 INFO [org.springframework.web.servlet.mvc.annotation.DefaultAnnotationHandlerMapping] - Mapped URL path [/projects/{projectName}/warnings/remove/] onto handler 'warningAction'
2015-04-03 09:31:26,932 INFO [org.springframework.web.servlet.mvc.annotation.DefaultAnnotationHandlerMapping] - Mapped URL path [/projects/{projectName}/warning/clear] onto handler 'warningAction'
2015-04-03 09:31:26,933 INFO [org.springframework.web.servlet.mvc.annotation.DefaultAnnotationHandlerMapping] - Mapped URL path [/projects/{projectName}/warning/clear.*] onto handler 'warningAction'
2015-04-03 09:31:26,934 INFO [org.springframework.web.servlet.mvc.annotation.DefaultAnnotationHandlerMapping] - Mapped URL path [/projects/{projectName}/warning/clear/] onto handler 'warningAction'
2015-04-03 09:31:26,935 INFO [org.springframework.web.servlet.mvc.annotation.DefaultAnnotationHandlerMapping] - Mapped URL path [/projects/{projectName}/warning/list] onto handler 'warningAction'
2015-04-03 09:31:26,936 INFO [org.springframework.web.servlet.mvc.annotation.DefaultAnnotationHandlerMapping] - Mapped URL path [/projects/{projectName}/warning/list.*] onto handler 'warningAction'
2015-04-03 09:31:26,937 INFO [org.springframework.web.servlet.mvc.annotation.DefaultAnnotationHandlerMapping] - Mapped URL path [/projects/{projectName}/warning/list/] onto handler 'warningAction'
2015-04-03 09:31:26,938 INFO [org.springframework.web.servlet.mvc.annotation.DefaultAnnotationHandlerMapping] - Mapped URL path [/projects/{projectName}/warnings] onto handler 'warningAction'
2015-04-03 09:31:26,939 INFO [org.springframework.web.servlet.mvc.annotation.DefaultAnnotationHandlerMapping] - Mapped URL path [/projects/{projectName}/warnings.*] onto handler 'warningAction'
2015-04-03 09:31:26,941 INFO [org.springframework.web.servlet.mvc.annotation.DefaultAnnotationHandlerMapping] - Mapped URL path [/projects/{projectName}/warnings/] onto handler 'warningAction'
2015-04-03 09:31:27,187 INFO [org.springframework.web.servlet.view.velocity.VelocityConfigurer] - Loading Velocity config from [ServletContext resource [/WEB-INF/velocity.properties]]
2015-04-03 09:31:27,190 INFO [org.springframework.web.servlet.view.velocity.VelocityConfigurer] - ClasspathResourceLoader with name 'springMacro' added to configured VelocityEngine
2015-04-03 09:31:27,199 INFO [org.apache.velocity.app.VelocityEngine] - LogSystem has been deprecated. Please use a LogChute implementation.
2015-04-03 09:31:27,205 INFO [org.apache.velocity.app.VelocityEngine] - FileResourceLoader : adding path 'D:\cache\windows\Desktop\flash-dog-server-2.1.2-assembly\flash-dog-server-2.1.2\webapp'
2015-04-03 09:31:27,247 INFO [org.apache.velocity.app.VelocityEngine] - Velocimacro : added #springMessage(  code ) : source = org/springframework/web/servlet/view/velocity/spring.vm
2015-04-03 09:31:27,249 INFO [org.apache.velocity.app.VelocityEngine] - Velocimacro : added #springMessageText(  code text ) : source = org/springframework/web/servlet/view/velocity/spring.vm
2015-04-03 09:31:27,250 INFO [org.apache.velocity.app.VelocityEngine] - Velocimacro : added #springTheme(  code ) : source = org/springframework/web/servlet/view/velocity/spring.vm
2015-04-03 09:31:27,251 INFO [org.apache.velocity.app.VelocityEngine] - Velocimacro : added #springThemeText(  code text ) : source = org/springframework/web/servlet/view/velocity/spring.vm
2015-04-03 09:31:27,252 INFO [org.apache.velocity.app.VelocityEngine] - Velocimacro : added #springUrl(  relativeUrl ) : source = org/springframework/web/servlet/view/velocity/spring.vm
2015-04-03 09:31:27,256 INFO [org.apache.velocity.app.VelocityEngine] - Velocimacro : added #springBind(  path ) : source = org/springframework/web/servlet/view/velocity/spring.vm
2015-04-03 09:31:27,258 INFO [org.apache.velocity.app.VelocityEngine] - Velocimacro : added #springBindEscaped(  path htmlEscape ) : source = org/springframework/web/servlet/view/velocity/spring.vm
2015-04-03 09:31:27,260 INFO [org.apache.velocity.app.VelocityEngine] - Velocimacro : added #springFormInput(  path attributes ) : source = org/springframework/web/servlet/view/velocity/spring.vm
2015-04-03 09:31:27,262 INFO [org.apache.velocity.app.VelocityEngine] - Velocimacro : added #springFormPasswordInput(  path attributes ) : source = org/springframework/web/servlet/view/velocity/spring.vm
2015-04-03 09:31:27,263 INFO [org.apache.velocity.app.VelocityEngine] - Velocimacro : added #springFormHiddenInput(  path attributes ) : source = org/springframework/web/servlet/view/velocity/spring.vm
2015-04-03 09:31:27,264 INFO [org.apache.velocity.app.VelocityEngine] - Velocimacro : added #springFormTextarea(  path attributes ) : source = org/springframework/web/servlet/view/velocity/spring.vm
2015-04-03 09:31:27,266 INFO [org.apache.velocity.app.VelocityEngine] - Velocimacro : added #springFormSingleSelect(  path options attributes ) : source = org/springframework/web/servlet/view/velocity/spring.vm
2015-04-03 09:31:27,268 INFO [org.apache.velocity.app.VelocityEngine] - Velocimacro : added #springFormMultiSelect(  path options attributes ) : source = org/springframework/web/servlet/view/velocity/spring.vm
2015-04-03 09:31:27,270 INFO [org.apache.velocity.app.VelocityEngine] - Velocimacro : added #springFormRadioButtons(  path options separator attributes ) : source = org/springframework/web/servlet/view/velocity/spring.vm
2015-04-03 09:31:27,272 INFO [org.apache.velocity.app.VelocityEngine] - Velocimacro : added #springFormCheckboxes(  path options separator attributes ) : source = org/springframework/web/servlet/view/velocity/spring.vm
2015-04-03 09:31:27,274 INFO [org.apache.velocity.app.VelocityEngine] - Velocimacro : added #springFormCheckbox(  path attributes ) : source = org/springframework/web/servlet/view/velocity/spring.vm
2015-04-03 09:31:27,276 INFO [org.apache.velocity.app.VelocityEngine] - Velocimacro : added #springShowErrors(  separator classOrStyle ) : source = org/springframework/web/servlet/view/velocity/spring.vm
2015-04-03 09:31:27,277 INFO [org.apache.velocity.app.VelocityEngine] - Velocimacro : added #springCloseTag(  ) : source = org/springframework/web/servlet/view/velocity/spring.vm
2015-04-03 09:31:27,336 INFO [org.apache.velocity.app.VelocityEngine] - Velocimacro : autoload on : VM system will automatically reload global library macros
2015-04-03 09:31:27,397 INFO [org.springframework.web.servlet.DispatcherServlet] - FrameworkServlet 'annomvc': initialization completed in 905 ms
2015-04-03 09:31:27,440 INFO [org.mortbay.log] - Started SelectChannelConnector@0.0.0.0:8080
2015-04-03 09:31:41,173 INFO [com.skymobi.monitor.service.AlertService] - start dogs of project flash_dog ,dogs count=0
2015-04-03 09:32:41,176 INFO [com.skymobi.monitor.service.AlertService] - start dogs of project flash_dog ,dogs count=0
2015-04-03 09:33:00,136 INFO [org.apache.velocity.tools.view.servlet.ServletToolboxManager] - Using config file '/WEB-INF/toolbox.xml'
2015-04-03 09:33:07,659 DEBUG [com.skymobi.monitor.security.MongoUserManager] - try load user by username=admin
2015-04-03 09:33:10,147 DEBUG [com.skymobi.monitor.model.Project] - project [flash_dog] has  metrics  =[ ] ,mongo=mongodb://localhost:27017/monitor_test?slaveOk=true
2015-04-03 09:33:10,149 DEBUG [com.skymobi.monitor.model.Project] - project [flash_dog] has  metrics  =[ ] ,mongo=mongodb://localhost:27017/monitor_test?slaveOk=true
2015-04-03 09:33:12,325 DEBUG [com.skymobi.monitor.model.Project] - project [flash_dog] has  metrics  =[ ] ,mongo=mongodb://localhost:27017/monitor_test?slaveOk=true
2015-04-03 09:33:12,327 DEBUG [com.skymobi.monitor.model.Project] - project [flash_dog] has  metrics  =[ ] ,mongo=mongodb://localhost:27017/monitor_test?slaveOk=true
2015-04-03 09:33:13,243 DEBUG [com.skymobi.monitor.model.Project] - project [flash_dog] has  metrics  =[ ] ,mongo=mongodb://localhost:27017/monitor_test?slaveOk=true
2015-04-03 09:33:13,245 DEBUG [com.skymobi.monitor.model.Project] - project [flash_dog] has  metrics  =[ ] ,mongo=mongodb://localhost:27017/monitor_test?slaveOk=true
2015-04-03 09:33:14,823 DEBUG [com.skymobi.monitor.model.Project] - project [flash_dog] has  metrics  =[ ] ,mongo=mongodb://localhost:27017/monitor_test?slaveOk=true
2015-04-03 09:33:14,825 DEBUG [com.skymobi.monitor.model.Project] - project [flash_dog] has  metrics  =[ ] ,mongo=mongodb://localhost:27017/monitor_test?slaveOk=true
2015-04-03 09:33:18,642 DEBUG [com.skymobi.monitor.model.Project] - project [flash_dog] has  metrics  =[ ] ,mongo=mongodb://localhost:27017/monitor_test?slaveOk=true
2015-04-03 09:33:18,643 DEBUG [com.skymobi.monitor.model.Project] - project [flash_dog] has  metrics  =[ ] ,mongo=mongodb://localhost:27017/monitor_test?slaveOk=true
2015-04-03 09:33:24,201 DEBUG [com.skymobi.monitor.model.Project] - project [flash_dog] has  metrics  =[ ] ,mongo=mongodb://localhost:27017/monitor_test?slaveOk=true
2015-04-03 09:33:24,206 DEBUG [com.skymobi.monitor.model.Project] - project [flash_dog] has  metrics  =[ ] ,mongo=mongodb://localhost:27017/monitor_test?slaveOk=true
2015-04-03 09:33:24,260 DEBUG [com.skymobi.monitor.service.LogsService] - find logs from flash_dog_log  by query { "timestamp" : { "$gt" : { "$date" : "2015-04-02T16:00:00.000Z"}}} by sort { "timestamp" : -1}
2015-04-03 09:33:24,263 DEBUG [com.skymobi.monitor.action.LogsAction] - ”Œ±Í±È¿˙Ω·π˚:
2015-04-03 09:33:30,946 DEBUG [com.skymobi.monitor.model.Project] - project [flash_dog] has  metrics  =[ ] ,mongo=mongodb://localhost:27017/monitor_test?slaveOk=true
2015-04-03 09:33:30,947 DEBUG [com.skymobi.monitor.model.Project] - project [flash_dog] has  metrics  =[ ] ,mongo=mongodb://localhost:27017/monitor_test?slaveOk=true
2015-04-03 09:33:32,949 DEBUG [com.skymobi.monitor.model.Project] - project [flash_dog] has  metrics  =[ ] ,mongo=mongodb://localhost:27017/monitor_test?slaveOk=true
2015-04-03 09:33:32,951 DEBUG [com.skymobi.monitor.service.TaskService] - run mongo script = db.stats()
2015-04-03 09:33:33,010 DEBUG [com.skymobi.monitor.service.TaskService] - mongo task response { "serverUsed" : "localhost:27017" , "retval" : { "db" : "monitor_test" , "collections" : 5 , "objects" : 274 , "avgObjSize" : 520.7591240875912 , "dataSize" : 142688.0 , "storageSize" : 200704.0 , "numExtents" : 7 , "indexes" : 3 , "indexSize" : 24528.0 , "fileSize" : 6.7108864E7 , "nsSizeMB" : 16 , "extentFreeList" : { "num" : 0 , "totalSize" : 0} , "dataFileVersion" : { "major" : 4 , "minor" : 22} , "ok" : 1.0} , "ok" : 1.0}
2015-04-03 09:33:33,010 DEBUG [com.skymobi.monitor.action.MongoAction] - run mongo script =[db.stats()] ,result=[{ "serverUsed" : "localhost:27017" , "retval" : { "db" : "monitor_test" , "collections" : 5 , "objects" : 274 , "avgObjSize" : 520.7591240875912 , "dataSize" : 142688.0 , "storageSize" : 200704.0 , "numExtents" : 7 , "indexes" : 3 , "indexSize" : 24528.0 , "fileSize" : 6.7108864E7 , "nsSizeMB" : 16 , "extentFreeList" : { "num" : 0 , "totalSize" : 0} , "dataFileVersion" : { "major" : 4 , "minor" : 22} , "ok" : 1.0} , "ok" : 1.0}]
2015-04-03 09:33:35,788 DEBUG [com.skymobi.monitor.model.Project] - project [flash_dog] has  metrics  =[ ] ,mongo=mongodb://localhost:27017/monitor_test?slaveOk=true
2015-04-03 09:33:35,790 DEBUG [com.skymobi.monitor.model.Project] - project [flash_dog] has  metrics  =[ ] ,mongo=mongodb://localhost:27017/monitor_test?slaveOk=true
2015-04-03 09:33:35,817 DEBUG [com.skymobi.monitor.model.Project] - project [flash_dog] has  metrics  =[ ] ,mongo=mongodb://localhost:27017/monitor_test?slaveOk=true
2015-04-03 09:33:35,818 DEBUG [com.skymobi.monitor.service.TaskService] - run mongo script = db.flash_dog_log.stats()
2015-04-03 09:33:35,848 DEBUG [com.skymobi.monitor.service.TaskService] - mongo task response { "serverUsed" : "localhost:27017" , "retval" : { "ns" : "monitor_test.flash_dog_log" , "count" : 268 , "size" : 141376 , "avgObjSize" : 527 , "numExtents" : 3 , "storageSize" : 172032 , "lastExtentSize" : 131072.0 , "paddingFactor" : 1.0 , "paddingFactorNote" : "paddingFactor is unused and unmaintained in 3.0. It remains hard coded to 1.0 for compatibility only." , "userFlags" : 1 , "capped" : false , "nindexes" : 1 , "totalIndexSize" : 8176 , "indexSizes" : { "_id_" : 8176} , "ok" : 1.0} , "ok" : 1.0}
2015-04-03 09:33:35,848 DEBUG [com.skymobi.monitor.action.MongoAction] - run mongo script =[db.flash_dog_log.stats()] ,result=[{ "serverUsed" : "localhost:27017" , "retval" : { "ns" : "monitor_test.flash_dog_log" , "count" : 268 , "size" : 141376 , "avgObjSize" : 527 , "numExtents" : 3 , "storageSize" : 172032 , "lastExtentSize" : 131072.0 , "paddingFactor" : 1.0 , "paddingFactorNote" : "paddingFactor is unused and unmaintained in 3.0. It remains hard coded to 1.0 for compatibility only." , "userFlags" : 1 , "capped" : false , "nindexes" : 1 , "totalIndexSize" : 8176 , "indexSizes" : { "_id_" : 8176} , "ok" : 1.0} , "ok" : 1.0}]
2015-04-03 09:33:41,182 INFO [com.skymobi.monitor.service.AlertService] - start dogs of project flash_dog ,dogs count=0
2015-04-03 09:34:31,463 DEBUG [com.skymobi.monitor.model.Project] - project [flash_dog] has  metrics  =[ ] ,mongo=mongodb://localhost:27017/monitor_test?slaveOk=true
2015-04-03 09:34:37,962 DEBUG [com.skymobi.monitor.model.Project] - project [flash_dog] has  metrics  =[ ] ,mongo=mongodb://localhost:27017/monitor_test?slaveOk=true
2015-04-03 09:34:37,963 DEBUG [com.skymobi.monitor.model.Project] - project [flash_dog] has  metrics  =[ ] ,mongo=mongodb://localhost:27017/monitor_test?slaveOk=true
2015-04-03 09:34:39,382 DEBUG [com.skymobi.monitor.model.Project] - project [flash_dog] has  metrics  =[ ] ,mongo=mongodb://localhost:27017/monitor_test?slaveOk=true
2015-04-03 09:34:39,382 DEBUG [com.skymobi.monitor.service.ProjectService] - project has be save Project{name='flash_dog', alias='…¡µÁπ∑', desc='null', mongoUri='mongodb://localhost:27017/monitor_test?slaveOk=true', metricDogs=[], metricCollection='flash_dog_metrics', timeRange=com.skymobi.monitor.model.TimeRange@68a976, mailList='null', taskCount='2'}
2015-04-03 09:34:39,392 DEBUG [com.skymobi.monitor.model.Project] - project [flash_dog] has  metrics  =[ ] ,mongo=mongodb://localhost:27017/monitor_test?slaveOk=true
2015-04-03 09:34:40,594 DEBUG [com.skymobi.monitor.model.Project] - project [flash_dog] has  metrics  =[ ] ,mongo=mongodb://localhost:27017/monitor_test?slaveOk=true
2015-04-03 09:34:40,596 DEBUG [com.skymobi.monitor.model.Project] - project [flash_dog] has  metrics  =[ ] ,mongo=mongodb://localhost:27017/monitor_test?slaveOk=true
2015-04-03 09:34:41,029 DEBUG [com.skymobi.monitor.model.Project] - project [flash_dog] has  metrics  =[ ] ,mongo=mongodb://localhost:27017/monitor_test?slaveOk=true
2015-04-03 09:34:41,033 DEBUG [com.skymobi.monitor.model.Project] - project [flash_dog] has  metrics  =[ ] ,mongo=mongodb://localhost:27017/monitor_test?slaveOk=true
2015-04-03 09:34:41,186 INFO [com.skymobi.monitor.service.AlertService] - start dogs of project flash_dog ,dogs count=0
2015-04-03 09:34:43,396 DEBUG [com.skymobi.monitor.model.Project] - project [flash_dog] has  metrics  =[ ] ,mongo=mongodb://localhost:27017/monitor_test?slaveOk=true
2015-04-03 09:34:43,397 DEBUG [com.skymobi.monitor.model.Project] - project [flash_dog] has  metrics  =[ ] ,mongo=mongodb://localhost:27017/monitor_test?slaveOk=true
2015-04-03 09:34:43,901 DEBUG [com.skymobi.monitor.model.Project] - project [flash_dog] has  metrics  =[ ] ,mongo=mongodb://localhost:27017/monitor_test?slaveOk=true
2015-04-03 09:34:43,903 DEBUG [com.skymobi.monitor.model.Project] - project [flash_dog] has  metrics  =[ ] ,mongo=mongodb://localhost:27017/monitor_test?slaveOk=true
2015-04-03 09:34:44,351 DEBUG [com.skymobi.monitor.model.Project] - project [flash_dog] has  metrics  =[ ] ,mongo=mongodb://localhost:27017/monitor_test?slaveOk=true
2015-04-03 09:34:44,352 DEBUG [com.skymobi.monitor.model.Project] - project [flash_dog] has  metrics  =[ ] ,mongo=mongodb://localhost:27017/monitor_test?slaveOk=true
2015-04-03 09:34:44,376 DEBUG [com.skymobi.monitor.model.Project] - project [flash_dog] has  metrics  =[ ] ,mongo=mongodb://localhost:27017/monitor_test?slaveOk=true
2015-04-03 09:34:44,376 DEBUG [com.skymobi.monitor.service.TaskService] - run mongo script = db.flash_dog_log.stats()
2015-04-03 09:34:44,402 DEBUG [com.skymobi.monitor.service.TaskService] - mongo task response { "serverUsed" : "localhost:27017" , "retval" : { "ns" : "monitor_test.flash_dog_log" , "count" : 290 , "size" : 152544 , "avgObjSize" : 526 , "numExtents" : 3 , "storageSize" : 172032 , "lastExtentSize" : 131072.0 , "paddingFactor" : 1.0 , "paddingFactorNote" : "paddingFactor is unused and unmaintained in 3.0. It remains hard coded to 1.0 for compatibility only." , "userFlags" : 1 , "capped" : false , "nindexes" : 1 , "totalIndexSize" : 24528 , "indexSizes" : { "_id_" : 24528} , "ok" : 1.0} , "ok" : 1.0}
2015-04-03 09:34:44,403 DEBUG [com.skymobi.monitor.action.MongoAction] - run mongo script =[db.flash_dog_log.stats()] ,result=[{ "serverUsed" : "localhost:27017" , "retval" : { "ns" : "monitor_test.flash_dog_log" , "count" : 290 , "size" : 152544 , "avgObjSize" : 526 , "numExtents" : 3 , "storageSize" : 172032 , "lastExtentSize" : 131072.0 , "paddingFactor" : 1.0 , "paddingFactorNote" : "paddingFactor is unused and unmaintained in 3.0. It remains hard coded to 1.0 for compatibility only." , "userFlags" : 1 , "capped" : false , "nindexes" : 1 , "totalIndexSize" : 24528 , "indexSizes" : { "_id_" : 24528} , "ok" : 1.0} , "ok" : 1.0}]
2015-04-03 09:34:46,809 DEBUG [com.skymobi.monitor.model.Project] - project [flash_dog] has  metrics  =[ ] ,mongo=mongodb://localhost:27017/monitor_test?slaveOk=true
2015-04-03 09:34:46,810 DEBUG [com.skymobi.monitor.model.Project] - project [flash_dog] has  metrics  =[ ] ,mongo=mongodb://localhost:27017/monitor_test?slaveOk=true
2015-04-03 09:34:47,259 DEBUG [com.skymobi.monitor.model.Project] - project [flash_dog] has  metrics  =[ ] ,mongo=mongodb://localhost:27017/monitor_test?slaveOk=true
2015-04-03 09:34:47,260 DEBUG [com.skymobi.monitor.model.Project] - project [flash_dog] has  metrics  =[ ] ,mongo=mongodb://localhost:27017/monitor_test?slaveOk=true
2015-04-03 09:34:47,639 DEBUG [com.skymobi.monitor.model.Project] - project [flash_dog] has  metrics  =[ ] ,mongo=mongodb://localhost:27017/monitor_test?slaveOk=true
2015-04-03 09:34:47,642 DEBUG [com.skymobi.monitor.model.Project] - project [flash_dog] has  metrics  =[ ] ,mongo=mongodb://localhost:27017/monitor_test?slaveOk=true
2015-04-03 09:34:48,140 DEBUG [com.skymobi.monitor.model.Project] - project [flash_dog] has  metrics  =[ ] ,mongo=mongodb://localhost:27017/monitor_test?slaveOk=true
2015-04-03 09:34:48,142 DEBUG [com.skymobi.monitor.model.Project] - project [flash_dog] has  metrics  =[ ] ,mongo=mongodb://localhost:27017/monitor_test?slaveOk=true
2015-04-03 09:34:49,117 DEBUG [com.skymobi.monitor.model.Project] - project [flash_dog] has  metrics  =[ ] ,mongo=mongodb://localhost:27017/monitor_test?slaveOk=true
2015-04-03 09:34:49,120 DEBUG [com.skymobi.monitor.model.Project] - project [flash_dog] has  metrics  =[ ] ,mongo=mongodb://localhost:27017/monitor_test?slaveOk=true
2015-04-03 09:34:50,802 DEBUG [com.skymobi.monitor.model.Project] - project [flash_dog] has  metrics  =[ ] ,mongo=mongodb://localhost:27017/monitor_test?slaveOk=true
2015-04-03 09:34:50,803 DEBUG [com.skymobi.monitor.model.Project] - project [flash_dog] has  metrics  =[ ] ,mongo=mongodb://localhost:27017/monitor_test?slaveOk=true
2015-04-03 09:34:51,083 DEBUG [com.skymobi.monitor.model.Project] - project [flash_dog] has  metrics  =[ ] ,mongo=mongodb://localhost:27017/monitor_test?slaveOk=true
2015-04-03 09:34:51,086 DEBUG [com.skymobi.monitor.model.Project] - project [flash_dog] has  metrics  =[ ] ,mongo=mongodb://localhost:27017/monitor_test?slaveOk=true
2015-04-03 09:34:51,569 DEBUG [com.skymobi.monitor.model.Project] - project [flash_dog] has  metrics  =[ ] ,mongo=mongodb://localhost:27017/monitor_test?slaveOk=true
2015-04-03 09:34:51,572 DEBUG [com.skymobi.monitor.model.Project] - project [flash_dog] has  metrics  =[ ] ,mongo=mongodb://localhost:27017/monitor_test?slaveOk=true
2015-04-03 09:34:51,996 DEBUG [com.skymobi.monitor.model.Project] - project [flash_dog] has  metrics  =[ ] ,mongo=mongodb://localhost:27017/monitor_test?slaveOk=true
2015-04-03 09:34:51,998 DEBUG [com.skymobi.monitor.model.Project] - project [flash_dog] has  metrics  =[ ] ,mongo=mongodb://localhost:27017/monitor_test?slaveOk=true
2015-04-03 09:35:41,191 INFO [com.skymobi.monitor.service.AlertService] - start dogs of project flash_dog ,dogs count=0
2015-04-03 09:36:41,196 INFO [com.skymobi.monitor.service.AlertService] - start dogs of project flash_dog ,dogs count=0
